<?xml version="1.0" encoding="UTF-8"?>
<testng-results ignored="0" total="1" passed="1" failed="0" skipped="0">
  <reporter-output>
  </reporter-output>
  <suite started-at="2025-01-01T23:40:05 IST" name="Suite" finished-at="2025-01-01T23:40:10 IST" duration-ms="4885">
    <groups>
      <group name="Sanity">
        <method signature="TestCase01.loginTest(java.util.HashMap)[pri:0, instance:loginTest.TestCase01@18078bef]" name="loginTest" class="loginTest.TestCase01"/>
      </group> <!-- Sanity -->
    </groups>
    <test started-at="2025-01-01T23:40:05 IST" name="Test" finished-at="2025-01-01T23:40:10 IST" duration-ms="4856">
      <class name="loginTest.TestCase01">
        <test-method is-config="true" signature="setup()[pri:0, instance:loginTest.TestCase01@18078bef]" started-at="2025-01-01T23:40:05 IST" name="setup" finished-at="2025-01-01T23:40:08 IST" duration-ms="3297" status="PASS">
          <reporter-output>
          </reporter-output>
        </test-method> <!-- setup -->
        <test-method signature="loginTest(java.util.HashMap)[pri:0, instance:loginTest.TestCase01@18078bef]" started-at="2025-01-01T23:40:08 IST" name="loginTest" data-provider="getData" finished-at="2025-01-01T23:40:09 IST" duration-ms="1045" status="PASS">
          <params>
            <param index="0">
              <value>
                <![CDATA[{password=Sandeep1@, email=sandeep1@gmail.com}]]>
              </value>
            </param>
          </params>
          <reporter-output>
          </reporter-output>
        </test-method> <!-- loginTest -->
        <test-method is-config="true" signature="tearDown()[pri:0, instance:loginTest.TestCase01@18078bef]" started-at="2025-01-01T23:40:09 IST" name="tearDown" finished-at="2025-01-01T23:40:10 IST" duration-ms="279" status="PASS">
          <reporter-output>
          </reporter-output>
        </test-method> <!-- tearDown -->
      </class> <!-- loginTest.TestCase01 -->
    </test> <!-- Test -->
    <test started-at="2025-01-01T23:40:10 IST" name="Test2" finished-at="2025-01-01T23:40:10 IST" duration-ms="1">
    </test> <!-- Test2 -->
  </suite> <!-- Suite -->
</testng-results>
